<?xml version="1.0" encoding="UTF-8"?>
<!-- Generated by org.testng.reporters.JUnitXMLReporter -->
<testsuite hostname="chethan" name="Command line test" tests="2" failures="0" timestamp="5 Dec 2015 05:04:10 GMT" time="0.023" errors="0">
  <testcase name="@BeforeSuite init" time="0.0" classname="playStorePackage.ReadDataFromExcel">
    <failure type="java.lang.NoClassDefFoundError" message="org/apache/xmlbeans/XmlObject">
      <![CDATA[java.lang.NoClassDefFoundError: org/apache/xmlbeans/XmlObject
	at playStorePackage.ReadDataFromExcel.readExcel(ReadDataFromExcel.java:201)
	at playStorePackage.ReadDataFromExcel.init(ReadDataFromExcel.java:68)
	at playStorePackage.Run.main(Run.java:13)
Caused by: java.lang.ClassNotFoundException: org.apache.xmlbeans.XmlObject
	at java.net.URLClassLoader.findClass(Unknown Source)
	at java.lang.ClassLoader.loadClass(Unknown Source)
	at sun.misc.Launcher$AppClassLoader.loadClass(Unknown Source)
	at java.lang.ClassLoader.loadClass(Unknown Source)
	... 18 more
... Removed 15 stack frames]]>
    </failure>
  </testcase> <!-- @BeforeSuite init -->
  <testcase name="Login" time="0.006" classname="playStorePackage.ReadDataFromExcel">
    <skipped/>
  </testcase> <!-- Login -->
  <testcase name="StoreListing" time="0.0" classname="playStorePackage.ReadDataFromExcel">
    <skipped/>
  </testcase> <!-- StoreListing -->
</testsuite> <!-- Command line test -->
