<?xml version="1.0" encoding="UTF-8"?>
<testng-results skipped="0" failed="0" total="0" passed="0">
  <reporter-output>
    <line>
      <![CDATA[STEP1]]>
    </line>
    <line>
      <![CDATA[STEP2]]>
    </line>
    <line>
      <![CDATA[STEP3]]>
    </line>
    <line>
      <![CDATA[STEP4]]>
    </line>
    <line>
      <![CDATA[STEP5]]>
    </line>
    <line>
      <![CDATA[STEP6]]>
    </line>
    <line>
      <![CDATA[STEP7]]>
    </line>
    <line>
      <![CDATA[STEP8]]>
    </line>
    <line>
      <![CDATA[STEP9]]>
    </line>
    <line>
      <![CDATA[STEP10]]>
    </line>
    <line>
      <![CDATA[STEP11]]>
    </line>
    <line>
      <![CDATA[STEP12]]>
    </line>
    <line>
      <![CDATA[STEP13]]>
    </line>
    <line>
      <![CDATA[STEP14]]>
    </line>
    <line>
      <![CDATA[STEP15]]>
    </line>
    <line>
      <![CDATA[STEP16]]>
    </line>
    <line>
      <![CDATA[STEP17]]>
    </line>
    <line>
      <![CDATA[STEP18]]>
    </line>
    <line>
      <![CDATA[STEP19]]>
    </line>
    <line>
      <![CDATA[STEP20]]>
    </line>
    <line>
      <![CDATA[STEP21]]>
    </line>
    <line>
      <![CDATA[STEP22]]>
    </line>
    <line>
      <![CDATA[STEP23]]>
    </line>
  </reporter-output>
  <suite name="Default suite" duration-ms="12" started-at="2015-12-12T10:28:14Z" finished-at="2015-12-12T10:28:14Z">
    <groups>
    </groups>
    <test name="Default test" duration-ms="12" started-at="2015-12-12T10:28:14Z" finished-at="2015-12-12T10:28:14Z">
      <class name="playStorePackage.PlayStore_APK_Upload">
        <test-method status="FAIL" signature="setBrowserToExecute()[pri:0, instance:playStorePackage.PlayStore_APK_Upload@2aafb23c]" name="setBrowserToExecute" is-config="true" duration-ms="0" started-at="2015-12-12T15:56:25Z" finished-at="2015-12-12T15:56:25Z">
          <exception class="org.openqa.selenium.NoSuchElementException">
            <message>
              <![CDATA[no such element: Unable to locate element: {"method":"xpath","selector":"//button[contains(.,'Prepare Store Listing')]"}
  (Session info: chrome=47.0.2526.80)
  (Driver info: chromedriver=2.20.353145 (343b531d31eeb933ec778dbcf7081628a1396067),platform=Windows NT 10.0 x86_64) (WARNING: The server did not provide any stacktrace information)
Command duration or timeout: 30.02 seconds
For documentation on this error, please visit: http://seleniumhq.org/exceptions/no_such_element.html
Build info: version: '2.42.2', revision: '6a6995d', time: '2014-06-03 17:42:03'
System info: host: 'admin-PC', ip: '192.168.2.109', os.name: 'Windows 8.1', os.arch: 'amd64', os.version: '6.3', java.version: '1.8.0_40'
Driver info: org.openqa.selenium.chrome.ChromeDriver
Capabilities [{applicationCacheEnabled=false, rotatable=false, mobileEmulationEnabled=false, chrome={userDataDir=C:\Users\admin\AppData\Local\Temp\scoped_dir13284_26288}, takesHeapSnapshot=true, databaseEnabled=false, handlesAlerts=true, hasTouchScreen=false, version=47.0.2526.80, platform=WIN8_1, browserConnectionEnabled=false, nativeEvents=true, acceptSslCerts=true, locationContextEnabled=true, webStorageEnabled=true, browserName=chrome, takesScreenshot=true, javascriptEnabled=true, cssSelectorsEnabled=true}]
Session ID: acf44d867c39b3eacb51ff2eafc2fa93]]>
            </message>
            <full-stacktrace>
              <![CDATA[org.openqa.selenium.NoSuchElementException: no such element: Unable to locate element: {"method":"xpath","selector":"//button[contains(.,'Prepare Store Listing')]"}
  (Session info: chrome=47.0.2526.80)
  (Driver info: chromedriver=2.20.353145 (343b531d31eeb933ec778dbcf7081628a1396067),platform=Windows NT 10.0 x86_64) (WARNING: The server did not provide any stacktrace information)
Command duration or timeout: 30.02 seconds
For documentation on this error, please visit: http://seleniumhq.org/exceptions/no_such_element.html
Build info: version: '2.42.2', revision: '6a6995d', time: '2014-06-03 17:42:03'
System info: host: 'admin-PC', ip: '192.168.2.109', os.name: 'Windows 8.1', os.arch: 'amd64', os.version: '6.3', java.version: '1.8.0_40'
Driver info: org.openqa.selenium.chrome.ChromeDriver
Capabilities [{applicationCacheEnabled=false, rotatable=false, mobileEmulationEnabled=false, chrome={userDataDir=C:\Users\admin\AppData\Local\Temp\scoped_dir13284_26288}, takesHeapSnapshot=true, databaseEnabled=false, handlesAlerts=true, hasTouchScreen=false, version=47.0.2526.80, platform=WIN8_1, browserConnectionEnabled=false, nativeEvents=true, acceptSslCerts=true, locationContextEnabled=true, webStorageEnabled=true, browserName=chrome, takesScreenshot=true, javascriptEnabled=true, cssSelectorsEnabled=true}]
Session ID: acf44d867c39b3eacb51ff2eafc2fa93
	at sun.reflect.NativeConstructorAccessorImpl.newInstance0(Native Method)
	at sun.reflect.NativeConstructorAccessorImpl.newInstance(NativeConstructorAccessorImpl.java:62)
	at sun.reflect.DelegatingConstructorAccessorImpl.newInstance(DelegatingConstructorAccessorImpl.java:45)
	at java.lang.reflect.Constructor.newInstance(Constructor.java:422)
	at org.openqa.selenium.remote.ErrorHandler.createThrowable(ErrorHandler.java:204)
	at org.openqa.selenium.remote.ErrorHandler.throwIfResponseFailed(ErrorHandler.java:156)
	at org.openqa.selenium.remote.RemoteWebDriver.execute(RemoteWebDriver.java:599)
	at org.openqa.selenium.remote.RemoteWebDriver.findElement(RemoteWebDriver.java:352)
	at org.openqa.selenium.remote.RemoteWebDriver.findElementByXPath(RemoteWebDriver.java:449)
	at org.openqa.selenium.By$ByXPath.findElement(By.java:357)
	at org.openqa.selenium.remote.RemoteWebDriver.findElement(RemoteWebDriver.java:344)
	at functions.Function.clickByXpath(Function.java:33)
	at playStorePackage.Operation.performOperation(Operation.java:290)
	at playStorePackage.CCRetrieveExcelValue.retrieveExcelCellValues(CCRetrieveExcelValue.java:69)
	at playStorePackage.PlayStore_APK_Upload.storeListingSetUp(PlayStore_APK_Upload.java:72)
	at playStorePackage.PlayStore_APK_Upload.setBrowserToExecute(PlayStore_APK_Upload.java:53)
	at sun.reflect.NativeMethodAccessorImpl.invoke0(Native Method)
	at sun.reflect.NativeMethodAccessorImpl.invoke(NativeMethodAccessorImpl.java:62)
	at sun.reflect.DelegatingMethodAccessorImpl.invoke(DelegatingMethodAccessorImpl.java:43)
	at java.lang.reflect.Method.invoke(Method.java:497)
	at org.testng.internal.MethodInvocationHelper.invokeMethod(MethodInvocationHelper.java:84)
	at org.testng.internal.Invoker.invokeConfigurationMethod(Invoker.java:564)
	at org.testng.internal.Invoker.invokeConfigurations(Invoker.java:213)
	at org.testng.internal.Invoker.invokeConfigurations(Invoker.java:138)
	at org.testng.SuiteRunner.privateRun(SuiteRunner.java:277)
	at org.testng.SuiteRunner.run(SuiteRunner.java:240)
	at org.testng.SuiteRunnerWorker.runSuite(SuiteRunnerWorker.java:52)
	at org.testng.SuiteRunnerWorker.run(SuiteRunnerWorker.java:86)
	at org.testng.TestNG.runSuitesSequentially(TestNG.java:1224)
	at org.testng.TestNG.runSuitesLocally(TestNG.java:1149)
	at org.testng.TestNG.run(TestNG.java:1057)
	at org.testng.remote.RemoteTestNG.run(RemoteTestNG.java:111)
	at org.testng.remote.RemoteTestNG.initAndRun(RemoteTestNG.java:204)
	at org.testng.remote.RemoteTestNG.main(RemoteTestNG.java:175)
]]>
            </full-stacktrace>
          </exception> <!-- org.openqa.selenium.NoSuchElementException -->
          <reporter-output>
            <line>
              <![CDATA[STEP1]]>
            </line>
            <line>
              <![CDATA[STEP2]]>
            </line>
            <line>
              <![CDATA[STEP3]]>
            </line>
            <line>
              <![CDATA[STEP4]]>
            </line>
            <line>
              <![CDATA[STEP5]]>
            </line>
            <line>
              <![CDATA[STEP6]]>
            </line>
            <line>
              <![CDATA[STEP7]]>
            </line>
            <line>
              <![CDATA[STEP8]]>
            </line>
            <line>
              <![CDATA[STEP9]]>
            </line>
            <line>
              <![CDATA[STEP10]]>
            </line>
            <line>
              <![CDATA[STEP11]]>
            </line>
            <line>
              <![CDATA[STEP12]]>
            </line>
            <line>
              <![CDATA[STEP13]]>
            </line>
            <line>
              <![CDATA[STEP14]]>
            </line>
            <line>
              <![CDATA[STEP15]]>
            </line>
            <line>
              <![CDATA[STEP16]]>
            </line>
            <line>
              <![CDATA[STEP17]]>
            </line>
            <line>
              <![CDATA[STEP18]]>
            </line>
            <line>
              <![CDATA[STEP19]]>
            </line>
            <line>
              <![CDATA[STEP20]]>
            </line>
            <line>
              <![CDATA[STEP21]]>
            </line>
            <line>
              <![CDATA[STEP22]]>
            </line>
            <line>
              <![CDATA[STEP23]]>
            </line>
          </reporter-output>
        </test-method> <!-- setBrowserToExecute -->
        <test-method status="SKIP" signature="SendFinalReport()[pri:0, instance:playStorePackage.PlayStore_APK_Upload@2aafb23c]" name="SendFinalReport" is-config="true" duration-ms="0" started-at="2015-12-12T15:58:14Z" finished-at="2015-12-12T15:58:14Z">
          <reporter-output>
          </reporter-output>
        </test-method> <!-- SendFinalReport -->
      </class> <!-- playStorePackage.PlayStore_APK_Upload -->
    </test> <!-- Default test -->
  </suite> <!-- Default suite -->
</testng-results>
